<?xml version="1.0" encoding="UTF-8"?>
<robot generator="Robot 4.1 (Python 3.9.6 on win32)" generated="20210914 22:22:41.841" rpa="false" schemaversion="2">
<suite id="s1" name="Test" source="C:\Users\marcu\OneDrive\Área de Trabalho\BIONEXO\Test">
<suite id="s1-s1" name="BDD Bionexo" source="C:\Users\marcu\OneDrive\Área de Trabalho\BIONEXO\Test\BDD_Bionexo.robot">
<test id="s1-s1-t1" name="Cenário 01: Validar ação de marcar consulta">
<kw name="Abrir navegador" library="Resource" type="SETUP">
<kw name="Open Browser" library="Selenium2Library">
<arg>about:blank</arg>
<arg>${BROWSER}</arg>
<doc>Opens a new browser instance to the optional ``url``.</doc>
<msg timestamp="20210914 22:22:42.459" level="INFO">Opening browser 'chrome' to base url 'about:blank'.</msg>
<status status="PASS" starttime="20210914 22:22:42.458" endtime="20210914 22:22:44.936"/>
</kw>
<kw name="Maximize Browser Window" library="Selenium2Library">
<doc>Maximizes current browser window.</doc>
<status status="PASS" starttime="20210914 22:22:44.936" endtime="20210914 22:22:45.122"/>
</kw>
<status status="PASS" starttime="20210914 22:22:42.457" endtime="20210914 22:22:45.122"/>
</kw>
<kw name="Dado que estou na página home do site" library="Resource">
<kw name="Go To" library="Selenium2Library">
<arg>https://www.rededorsaoluiz.com.br/</arg>
<doc>Navigates the current browser window to the provided ``url``.</doc>
<msg timestamp="20210914 22:22:45.130" level="INFO">Opening url 'https://www.rededorsaoluiz.com.br/'</msg>
<status status="PASS" starttime="20210914 22:22:45.129" endtime="20210914 22:22:47.580"/>
</kw>
<kw name="Title Should Be" library="Selenium2Library">
<arg>Hospitais Rede D'Or São Luiz</arg>
<doc>Verifies that the current page title equals ``title``.</doc>
<msg timestamp="20210914 22:22:47.598" level="INFO">Page title is 'Hospitais Rede D'Or São Luiz'.</msg>
<status status="PASS" starttime="20210914 22:22:47.581" endtime="20210914 22:22:47.599"/>
</kw>
<status status="PASS" starttime="20210914 22:22:45.122" endtime="20210914 22:22:47.599"/>
</kw>
<kw name="Quando eu clicar em &quot;Marque uma consulta&quot;" library="Resource" sourcename="Quando eu clicar em &quot;${MARCAR_CONSULTA}&quot;">
<kw name="Wait Until Element Is Visible" library="Selenium2Library">
<arg>xpath=/html/body/app-root/div/app-rededorsaoluiz/div/main/app-homepage/div/div/div/app-home-ctas/app-home-cta[1]/rdsl-cta/div/a</arg>
<doc>Waits until the element ``locator`` is visible.</doc>
<status status="PASS" starttime="20210914 22:22:47.601" endtime="20210914 22:22:47.693"/>
</kw>
<kw name="Click Element" library="Selenium2Library">
<arg>xpath=/html/body/app-root/div/app-rededorsaoluiz/div/main/app-homepage/div/div/div/app-home-ctas/app-home-cta[1]/rdsl-cta/div/a</arg>
<doc>Click the element identified by ``locator``.</doc>
<msg timestamp="20210914 22:22:47.694" level="INFO">Clicking element 'xpath=/html/body/app-root/div/app-rededorsaoluiz/div/main/app-homepage/div/div/div/app-home-ctas/app-home-cta[1]/rdsl-cta/div/a'.</msg>
<status status="PASS" starttime="20210914 22:22:47.693" endtime="20210914 22:22:48.183"/>
</kw>
<status status="PASS" starttime="20210914 22:22:47.600" endtime="20210914 22:22:48.184"/>
</kw>
<kw name="Então mostra a pergunta &quot;Que tipo de atendimento você está procurando&quot;" library="Resource" sourcename="Então mostra a pergunta &quot;${PERGUNTA_TIPO_ATENDIMENTO}&quot;">
<kw name="Switch Window" library="Selenium2Library">
<arg>title=Agendamento de Consultas | Rede D'Or São Luiz</arg>
<doc>Switches to browser window matching ``locator``.</doc>
<status status="PASS" starttime="20210914 22:22:48.188" endtime="20210914 22:22:49.899"/>
</kw>
<kw name="Wait Until Element Is Visible" library="Selenium2Library">
<arg>xpath=//span[@data-qa-id='MedicoEspecialidade_Titulo_Mutavel']</arg>
<doc>Waits until the element ``locator`` is visible.</doc>
<status status="PASS" starttime="20210914 22:22:49.899" endtime="20210914 22:22:50.741"/>
</kw>
<kw name="Title Should Be" library="Selenium2Library">
<arg>Especialidade / Médico - Agendamento de Consultas | Rede D'Or São Luiz</arg>
<doc>Verifies that the current page title equals ``title``.</doc>
<msg timestamp="20210914 22:22:50.751" level="INFO">Page title is 'Especialidade / Médico - Agendamento de Consultas | Rede D'Or São Luiz'.</msg>
<status status="PASS" starttime="20210914 22:22:50.741" endtime="20210914 22:22:50.751"/>
</kw>
<kw name="Page Should Contain Element" library="Selenium2Library">
<arg>xpath=//span[@data-qa-id='MedicoEspecialidade_Titulo_Mutavel']</arg>
<doc>Verifies that element ``locator`` is found on the current page.</doc>
<msg timestamp="20210914 22:22:50.765" level="INFO">Current page contains element 'xpath=//span[@data-qa-id='MedicoEspecialidade_Titulo_Mutavel']'.</msg>
<status status="PASS" starttime="20210914 22:22:50.751" endtime="20210914 22:22:50.765"/>
</kw>
<status status="PASS" starttime="20210914 22:22:48.185" endtime="20210914 22:22:50.765"/>
</kw>
<kw name="Fechar navegador" library="Resource" type="TEARDOWN">
<kw name="Close Browser" library="Selenium2Library">
<doc>Closes the current browser.</doc>
<status status="PASS" starttime="20210914 22:22:50.767" endtime="20210914 22:22:53.336"/>
</kw>
<status status="PASS" starttime="20210914 22:22:50.766" endtime="20210914 22:22:53.336"/>
</kw>
<tag>auto</tag>
<status status="PASS" starttime="20210914 22:22:42.454" endtime="20210914 22:22:53.336"/>
</test>
<test id="s1-s1-t2" name="Cenário 03: Validar ação de Marcar Exames">
<kw name="Abrir navegador" library="Resource" type="SETUP">
<kw name="Open Browser" library="Selenium2Library">
<arg>about:blank</arg>
<arg>${BROWSER}</arg>
<doc>Opens a new browser instance to the optional ``url``.</doc>
<msg timestamp="20210914 22:22:53.349" level="INFO">Opening browser 'chrome' to base url 'about:blank'.</msg>
<status status="PASS" starttime="20210914 22:22:53.348" endtime="20210914 22:22:55.645"/>
</kw>
<kw name="Maximize Browser Window" library="Selenium2Library">
<doc>Maximizes current browser window.</doc>
<status status="PASS" starttime="20210914 22:22:55.645" endtime="20210914 22:22:55.808"/>
</kw>
<status status="PASS" starttime="20210914 22:22:53.347" endtime="20210914 22:22:55.809"/>
</kw>
<kw name="Dado que estou na página home do site" library="Resource">
<kw name="Go To" library="Selenium2Library">
<arg>https://www.rededorsaoluiz.com.br/</arg>
<doc>Navigates the current browser window to the provided ``url``.</doc>
<msg timestamp="20210914 22:22:55.811" level="INFO">Opening url 'https://www.rededorsaoluiz.com.br/'</msg>
<status status="PASS" starttime="20210914 22:22:55.811" endtime="20210914 22:22:58.122"/>
</kw>
<kw name="Title Should Be" library="Selenium2Library">
<arg>Hospitais Rede D'Or São Luiz</arg>
<doc>Verifies that the current page title equals ``title``.</doc>
<msg timestamp="20210914 22:22:58.186" level="INFO">Page title is 'Hospitais Rede D'Or São Luiz'.</msg>
<status status="PASS" starttime="20210914 22:22:58.123" endtime="20210914 22:22:58.187"/>
</kw>
<status status="PASS" starttime="20210914 22:22:55.810" endtime="20210914 22:22:58.187"/>
</kw>
<kw name="Quando eu clicar em &quot;Marque seus exames&quot; exame" library="Resource" sourcename="Quando eu clicar em &quot;${MARCAR_EXAME}&quot; exame">
<kw name="Wait Until Element Is Visible" library="Selenium2Library">
<arg>css=body &gt; app-root &gt; div &gt; app-rededorsaoluiz &gt; div &gt; main &gt; app-homepage &gt; div &gt; div &gt; div &gt; app-home-ctas &gt; app-home-cta:nth-child(2) &gt; rdsl-cta &gt; div &gt; a</arg>
<doc>Waits until the element ``locator`` is visible.</doc>
<status status="PASS" starttime="20210914 22:22:58.190" endtime="20210914 22:22:58.277"/>
</kw>
<kw name="Click Element" library="Selenium2Library">
<arg>css=body &gt; app-root &gt; div &gt; app-rededorsaoluiz &gt; div &gt; main &gt; app-homepage &gt; div &gt; div &gt; div &gt; app-home-ctas &gt; app-home-cta:nth-child(2) &gt; rdsl-cta &gt; div &gt; a</arg>
<doc>Click the element identified by ``locator``.</doc>
<msg timestamp="20210914 22:22:58.279" level="INFO">Clicking element 'css=body &gt; app-root &gt; div &gt; app-rededorsaoluiz &gt; div &gt; main &gt; app-homepage &gt; div &gt; div &gt; div &gt; app-home-ctas &gt; app-home-cta:nth-child(2) &gt; rdsl-cta &gt; div &gt; a'.</msg>
<status status="PASS" starttime="20210914 22:22:58.278" endtime="20210914 22:22:58.556"/>
</kw>
<status status="PASS" starttime="20210914 22:22:58.188" endtime="20210914 22:22:58.557"/>
</kw>
<kw name="Então mostra a pergunta &quot;Que tipo de exame você gostaria de marcar?&quot; tipo exame" library="Resource" sourcename="Então mostra a pergunta &quot;${PERGUNTA_EXAME}&quot; tipo exame">
<kw name="Switch Window" library="Selenium2Library">
<arg>title=Exame - Agendamento de Exames | Rede D`Or São Luiz</arg>
<doc>Switches to browser window matching ``locator``.</doc>
<status status="PASS" starttime="20210914 22:22:58.559" endtime="20210914 22:24:29.588"/>
</kw>
<kw name="Wait Until Element Is Visible" library="Selenium2Library">
<arg>css=#app-main &gt; div &gt; app-exame &gt; app-swipe &gt; div &gt; div &gt; div &gt; main &gt; h1</arg>
<doc>Waits until the element ``locator`` is visible.</doc>
<status status="PASS" starttime="20210914 22:24:29.589" endtime="20210914 22:24:29.654"/>
</kw>
<kw name="Title Should Be" library="Selenium2Library">
<arg>Exame - Agendamento de Exames | Rede D`Or São Luiz</arg>
<doc>Verifies that the current page title equals ``title``.</doc>
<msg timestamp="20210914 22:24:29.661" level="INFO">Page title is 'Exame - Agendamento de Exames | Rede D`Or São Luiz'.</msg>
<status status="PASS" starttime="20210914 22:24:29.654" endtime="20210914 22:24:29.661"/>
</kw>
<kw name="Page Should Contain Element" library="Selenium2Library">
<arg>css=#app-main &gt; div &gt; app-exame &gt; app-swipe &gt; div &gt; div &gt; div &gt; main &gt; h1</arg>
<doc>Verifies that element ``locator`` is found on the current page.</doc>
<msg timestamp="20210914 22:24:29.670" level="INFO">Current page contains element 'css=#app-main &gt; div &gt; app-exame &gt; app-swipe &gt; div &gt; div &gt; div &gt; main &gt; h1'.</msg>
<status status="PASS" starttime="20210914 22:24:29.661" endtime="20210914 22:24:29.671"/>
</kw>
<status status="PASS" starttime="20210914 22:22:58.558" endtime="20210914 22:24:29.671"/>
</kw>
<kw name="Fechar navegador" library="Resource" type="TEARDOWN">
<kw name="Close Browser" library="Selenium2Library">
<doc>Closes the current browser.</doc>
<status status="PASS" starttime="20210914 22:24:29.673" endtime="20210914 22:24:32.405"/>
</kw>
<status status="PASS" starttime="20210914 22:24:29.672" endtime="20210914 22:24:32.405"/>
</kw>
<tag>auto</tag>
<status status="PASS" starttime="20210914 22:22:53.344" endtime="20210914 22:24:32.405"/>
</test>
<test id="s1-s1-t3" name="Cenário 07: Validar Resultado de Exames">
<kw name="Abrir navegador" library="Resource" type="SETUP">
<kw name="Open Browser" library="Selenium2Library">
<arg>about:blank</arg>
<arg>${BROWSER}</arg>
<doc>Opens a new browser instance to the optional ``url``.</doc>
<msg timestamp="20210914 22:24:32.418" level="INFO">Opening browser 'chrome' to base url 'about:blank'.</msg>
<status status="PASS" starttime="20210914 22:24:32.417" endtime="20210914 22:24:34.686"/>
</kw>
<kw name="Maximize Browser Window" library="Selenium2Library">
<doc>Maximizes current browser window.</doc>
<status status="PASS" starttime="20210914 22:24:34.687" endtime="20210914 22:24:34.857"/>
</kw>
<status status="PASS" starttime="20210914 22:24:32.416" endtime="20210914 22:24:34.858"/>
</kw>
<kw name="Dado que estou na página home do site" library="Resource">
<kw name="Go To" library="Selenium2Library">
<arg>https://www.rededorsaoluiz.com.br/</arg>
<doc>Navigates the current browser window to the provided ``url``.</doc>
<msg timestamp="20210914 22:24:34.860" level="INFO">Opening url 'https://www.rededorsaoluiz.com.br/'</msg>
<status status="PASS" starttime="20210914 22:24:34.859" endtime="20210914 22:24:37.332"/>
</kw>
<kw name="Title Should Be" library="Selenium2Library">
<arg>Hospitais Rede D'Or São Luiz</arg>
<doc>Verifies that the current page title equals ``title``.</doc>
<msg timestamp="20210914 22:24:37.346" level="INFO">Page title is 'Hospitais Rede D'Or São Luiz'.</msg>
<status status="PASS" starttime="20210914 22:24:37.333" endtime="20210914 22:24:37.346"/>
</kw>
<status status="PASS" starttime="20210914 22:24:34.858" endtime="20210914 22:24:37.347"/>
</kw>
<kw name="E clico no menu superior RESULTADO DE EXAMES" library="Resource">
<kw name="Wait Until Element Is Visible" library="Selenium2Library">
<arg>css=body &gt; app-root &gt; div &gt; app-rededorsaoluiz &gt; div &gt; app-header &gt; header &gt; nav &gt; ul.menu-principal &gt; li:nth-child(5) &gt; a</arg>
<doc>Waits until the element ``locator`` is visible.</doc>
<status status="PASS" starttime="20210914 22:24:37.349" endtime="20210914 22:24:37.441"/>
</kw>
<kw name="Click Element" library="Selenium2Library">
<arg>css=body &gt; app-root &gt; div &gt; app-rededorsaoluiz &gt; div &gt; app-header &gt; header &gt; nav &gt; ul.menu-principal &gt; li:nth-child(5) &gt; a</arg>
<doc>Click the element identified by ``locator``.</doc>
<msg timestamp="20210914 22:24:37.442" level="INFO">Clicking element 'css=body &gt; app-root &gt; div &gt; app-rededorsaoluiz &gt; div &gt; app-header &gt; header &gt; nav &gt; ul.menu-principal &gt; li:nth-child(5) &gt; a'.</msg>
<status status="PASS" starttime="20210914 22:24:37.441" endtime="20210914 22:24:37.658"/>
</kw>
<status status="PASS" starttime="20210914 22:24:37.348" endtime="20210914 22:24:37.659"/>
</kw>
<kw name="Quando seleciono a unidade desejada" library="Resource">
<kw name="Wait Until Element Is Visible" library="Selenium2Library">
<arg>xpath=//select[@name="select"]</arg>
<doc>Waits until the element ``locator`` is visible.</doc>
<status status="PASS" starttime="20210914 22:24:37.661" endtime="20210914 22:24:38.566"/>
</kw>
<kw name="Select From List By Value" library="Selenium2Library">
<arg>xpath=//select[@name="select"]</arg>
<arg>bangu</arg>
<doc>Selects options from selection list ``locator`` by ``values``.</doc>
<msg timestamp="20210914 22:24:38.566" level="INFO">Selecting options from selection list 'xpath=//select[@name="select"]' by value bangu.</msg>
<status status="PASS" starttime="20210914 22:24:38.566" endtime="20210914 22:24:38.748"/>
</kw>
<status status="PASS" starttime="20210914 22:24:37.660" endtime="20210914 22:24:38.749"/>
</kw>
<kw name="Então é mostrado abaixo o quadro da ÁREA DO PACIENTE" library="Resource">
<kw name="Wait Until Element Is Visible" library="Selenium2Library">
<arg>xpath=//h2</arg>
<doc>Waits until the element ``locator`` is visible.</doc>
<status status="PASS" starttime="20210914 22:24:38.750" endtime="20210914 22:24:39.288"/>
</kw>
<kw name="Page Should Contain Element" library="Selenium2Library">
<arg>xpath=//h2</arg>
<doc>Verifies that element ``locator`` is found on the current page.</doc>
<msg timestamp="20210914 22:24:39.319" level="INFO">Current page contains element 'xpath=//h2'.</msg>
<status status="PASS" starttime="20210914 22:24:39.288" endtime="20210914 22:24:39.319"/>
</kw>
<kw name="Execute Javascript" library="Selenium2Library">
<arg>window.scrollTo(0, 200)</arg>
<doc>Executes the given JavaScript code with possible arguments.</doc>
<msg timestamp="20210914 22:24:39.319" level="INFO">Executing JavaScript:
window.scrollTo(0, 200)
Without any arguments.</msg>
<status status="PASS" starttime="20210914 22:24:39.319" endtime="20210914 22:24:39.359"/>
</kw>
<kw name="Scroll Element Into View" library="Selenium2Library">
<arg>xpath=//*[@title='Acessar resultados']</arg>
<doc>Scrolls the element identified by ``locator`` into view.</doc>
<status status="PASS" starttime="20210914 22:24:39.360" endtime="20210914 22:24:39.684"/>
</kw>
<status status="PASS" starttime="20210914 22:24:38.749" endtime="20210914 22:24:39.684"/>
</kw>
<kw name="E clico em &quot;ACESSAR RESULTADOS&quot;" library="Resource" sourcename="E clico em &quot;${ACESSAR_RESULTADOS}&quot;">
<kw name="Wait Until Element Is Visible" library="Selenium2Library">
<arg>xpath=//*[@title='Acessar resultados']</arg>
<arg>timeout=5</arg>
<doc>Waits until the element ``locator`` is visible.</doc>
<status status="PASS" starttime="20210914 22:24:39.689" endtime="20210914 22:24:39.743"/>
</kw>
<kw name="Click Element" library="Selenium2Library">
<arg>xpath=//*[@title='Acessar resultados']</arg>
<doc>Click the element identified by ``locator``.</doc>
<msg timestamp="20210914 22:24:39.743" level="INFO">Clicking element 'xpath=//*[@title='Acessar resultados']'.</msg>
<status status="PASS" starttime="20210914 22:24:39.743" endtime="20210914 22:24:39.898"/>
</kw>
<status status="PASS" starttime="20210914 22:24:39.686" endtime="20210914 22:24:39.899"/>
</kw>
<kw name="Então é aberta uma nova aba para fazer o login no sistema" library="Resource">
<kw name="Switch Window" library="Selenium2Library">
<arg>title=Área do Paciente - Sua saúde em um só lugar</arg>
<doc>Switches to browser window matching ``locator``.</doc>
<status status="PASS" starttime="20210914 22:24:39.901" endtime="20210914 22:24:41.622"/>
</kw>
<kw name="Title Should Be" library="Selenium2Library">
<arg>Área do Paciente - Sua saúde em um só lugar</arg>
<doc>Verifies that the current page title equals ``title``.</doc>
<msg timestamp="20210914 22:24:41.637" level="INFO">Page title is 'Área do Paciente - Sua saúde em um só lugar'.</msg>
<status status="PASS" starttime="20210914 22:24:41.622" endtime="20210914 22:24:41.637"/>
</kw>
<kw name="Wait Until Element Is Visible" library="Selenium2Library">
<arg>id=btnEntrar</arg>
<doc>Waits until the element ``locator`` is visible.</doc>
<status status="PASS" starttime="20210914 22:24:41.637" endtime="20210914 22:24:41.697"/>
</kw>
<kw name="Page Should Contain Element" library="Selenium2Library">
<arg>id=btnEntrar</arg>
<doc>Verifies that element ``locator`` is found on the current page.</doc>
<msg timestamp="20210914 22:24:41.717" level="INFO">Current page contains element 'id=btnEntrar'.</msg>
<status status="PASS" starttime="20210914 22:24:41.697" endtime="20210914 22:24:41.718"/>
</kw>
<status status="PASS" starttime="20210914 22:24:39.900" endtime="20210914 22:24:41.718"/>
</kw>
<kw name="Fechar navegador" library="Resource" type="TEARDOWN">
<kw name="Close Browser" library="Selenium2Library">
<doc>Closes the current browser.</doc>
<status status="PASS" starttime="20210914 22:24:41.721" endtime="20210914 22:24:44.322"/>
</kw>
<status status="PASS" starttime="20210914 22:24:41.719" endtime="20210914 22:24:44.322"/>
</kw>
<tag>auto</tag>
<status status="PASS" starttime="20210914 22:24:32.414" endtime="20210914 22:24:44.322"/>
</test>
<test id="s1-s1-t4" name="Cenário 09: Validar área do Médico">
<kw name="Abrir navegador" library="Resource" type="SETUP">
<kw name="Open Browser" library="Selenium2Library">
<arg>about:blank</arg>
<arg>${BROWSER}</arg>
<doc>Opens a new browser instance to the optional ``url``.</doc>
<msg timestamp="20210914 22:24:44.331" level="INFO">Opening browser 'chrome' to base url 'about:blank'.</msg>
<status status="PASS" starttime="20210914 22:24:44.331" endtime="20210914 22:24:46.805"/>
</kw>
<kw name="Maximize Browser Window" library="Selenium2Library">
<doc>Maximizes current browser window.</doc>
<status status="PASS" starttime="20210914 22:24:46.806" endtime="20210914 22:24:46.977"/>
</kw>
<status status="PASS" starttime="20210914 22:24:44.331" endtime="20210914 22:24:46.977"/>
</kw>
<kw name="Dado que estou na página home do site" library="Resource">
<kw name="Go To" library="Selenium2Library">
<arg>https://www.rededorsaoluiz.com.br/</arg>
<doc>Navigates the current browser window to the provided ``url``.</doc>
<msg timestamp="20210914 22:24:46.982" level="INFO">Opening url 'https://www.rededorsaoluiz.com.br/'</msg>
<status status="PASS" starttime="20210914 22:24:46.982" endtime="20210914 22:24:49.799"/>
</kw>
<kw name="Title Should Be" library="Selenium2Library">
<arg>Hospitais Rede D'Or São Luiz</arg>
<doc>Verifies that the current page title equals ``title``.</doc>
<msg timestamp="20210914 22:24:49.829" level="INFO">Page title is 'Hospitais Rede D'Or São Luiz'.</msg>
<status status="PASS" starttime="20210914 22:24:49.799" endtime="20210914 22:24:49.830"/>
</kw>
<status status="PASS" starttime="20210914 22:24:46.977" endtime="20210914 22:24:49.831"/>
</kw>
<kw name="E clico no menu superior direito &quot;Área do Médico&quot;" library="Resource">
<kw name="Wait Until Element Is Visible" library="Selenium2Library">
<arg>css=body &gt; app-root &gt; div &gt; app-rededorsaoluiz &gt; div &gt; app-header &gt; header &gt; nav &gt; ul.menu-sec &gt; li.hasSubItem &gt; a</arg>
<doc>Waits until the element ``locator`` is visible.</doc>
<status status="PASS" starttime="20210914 22:24:49.833" endtime="20210914 22:24:49.932"/>
</kw>
<kw name="Mouse Over" library="Selenium2Library">
<arg>css=body &gt; app-root &gt; div &gt; app-rededorsaoluiz &gt; div &gt; app-header &gt; header &gt; nav &gt; ul.menu-sec &gt; li.hasSubItem &gt; a</arg>
<doc>Simulates hovering the mouse over the element ``locator``.</doc>
<msg timestamp="20210914 22:24:49.933" level="INFO">Simulating Mouse Over on element 'css=body &gt; app-root &gt; div &gt; app-rededorsaoluiz &gt; div &gt; app-header &gt; header &gt; nav &gt; ul.menu-sec &gt; li.hasSubItem &gt; a'.</msg>
<status status="PASS" starttime="20210914 22:24:49.932" endtime="20210914 22:24:50.248"/>
</kw>
<status status="PASS" starttime="20210914 22:24:49.832" endtime="20210914 22:24:50.249"/>
</kw>
<kw name="Quando clico em &quot;Resultados de Exames&quot;" library="Resource">
<kw name="Wait Until Element Is Visible" library="Selenium2Library">
<arg>css=body &gt; app-root &gt; div &gt; app-rededorsaoluiz &gt; div &gt; app-header &gt; header &gt; nav &gt; ul.menu-sec &gt; li.hasSubItem &gt; div &gt; ul &gt; li:nth-child(1) &gt; a</arg>
<doc>Waits until the element ``locator`` is visible.</doc>
<status status="PASS" starttime="20210914 22:24:50.250" endtime="20210914 22:24:50.314"/>
</kw>
<kw name="Click Element" library="Selenium2Library">
<arg>css=body &gt; app-root &gt; div &gt; app-rededorsaoluiz &gt; div &gt; app-header &gt; header &gt; nav &gt; ul.menu-sec &gt; li.hasSubItem &gt; div &gt; ul &gt; li:nth-child(1) &gt; a</arg>
<doc>Click the element identified by ``locator``.</doc>
<msg timestamp="20210914 22:24:50.315" level="INFO">Clicking element 'css=body &gt; app-root &gt; div &gt; app-rededorsaoluiz &gt; div &gt; app-header &gt; header &gt; nav &gt; ul.menu-sec &gt; li.hasSubItem &gt; div &gt; ul &gt; li:nth-child(1) &gt; a'.</msg>
<status status="PASS" starttime="20210914 22:24:50.315" endtime="20210914 22:24:51.631"/>
</kw>
<status status="PASS" starttime="20210914 22:24:50.249" endtime="20210914 22:24:51.632"/>
</kw>
<kw name="Então valido a área do médico com a possibilidade de login" library="Resource">
<kw name="Switch Window" library="Selenium2Library">
<arg>title=Resultado de exames - Área do Médico</arg>
<doc>Switches to browser window matching ``locator``.</doc>
<status status="PASS" starttime="20210914 22:24:51.637" endtime="20210914 22:25:21.466"/>
</kw>
<kw name="Title Should Be" library="Selenium2Library">
<arg>Resultado de exames - Área do Médico</arg>
<doc>Verifies that the current page title equals ``title``.</doc>
<msg timestamp="20210914 22:25:21.471" level="INFO">Page title is 'Resultado de exames - Área do Médico'.</msg>
<status status="PASS" starttime="20210914 22:25:21.466" endtime="20210914 22:25:21.472"/>
</kw>
<kw name="Wait Until Element Is Visible" library="Selenium2Library">
<arg>css=#__next &gt; div &gt; div.Header_wrapper__1cgXS &gt; div.Header_navbar__1kRlG &gt; div &gt; div &gt; div.Navbar_end__1iJGy &gt; div &gt; div:nth-child(1) &gt; a</arg>
<doc>Waits until the element ``locator`` is visible.</doc>
<status status="PASS" starttime="20210914 22:25:21.472" endtime="20210914 22:25:21.525"/>
</kw>
<kw name="Page Should Contain Element" library="Selenium2Library">
<arg>css=#__next &gt; div &gt; div.Header_wrapper__1cgXS &gt; div.Header_navbar__1kRlG &gt; div &gt; div &gt; div.Navbar_end__1iJGy &gt; div &gt; div:nth-child(1) &gt; a</arg>
<doc>Verifies that element ``locator`` is found on the current page.</doc>
<msg timestamp="20210914 22:25:21.535" level="INFO">Current page contains element 'css=#__next &gt; div &gt; div.Header_wrapper__1cgXS &gt; div.Header_navbar__1kRlG &gt; div &gt; div &gt; div.Navbar_end__1iJGy &gt; div &gt; div:nth-child(1) &gt; a'.</msg>
<status status="PASS" starttime="20210914 22:25:21.525" endtime="20210914 22:25:21.535"/>
</kw>
<status status="PASS" starttime="20210914 22:24:51.635" endtime="20210914 22:25:21.536"/>
</kw>
<kw name="Fechar navegador" library="Resource" type="TEARDOWN">
<kw name="Close Browser" library="Selenium2Library">
<doc>Closes the current browser.</doc>
<status status="PASS" starttime="20210914 22:25:21.538" endtime="20210914 22:25:24.108"/>
</kw>
<status status="PASS" starttime="20210914 22:25:21.537" endtime="20210914 22:25:24.108"/>
</kw>
<tag>auto</tag>
<status status="PASS" starttime="20210914 22:24:44.331" endtime="20210914 22:25:24.108"/>
</test>
<status status="PASS" starttime="20210914 22:22:41.927" endtime="20210914 22:25:24.119"/>
</suite>
<status status="PASS" starttime="20210914 22:22:41.857" endtime="20210914 22:25:24.121"/>
</suite>
<statistics>
<total>
<stat pass="4" fail="0" skip="0">All Tests</stat>
</total>
<tag>
<stat pass="4" fail="0" skip="0">auto</stat>
</tag>
<suite>
<stat pass="4" fail="0" skip="0" id="s1" name="Test">Test</stat>
<stat pass="4" fail="0" skip="0" id="s1-s1" name="BDD Bionexo">Test.BDD Bionexo</stat>
</suite>
</statistics>
<errors>
</errors>
</robot>
